The program is processing the following file: ../dhavtest/teste_reduced.dd
tamanho:51200
okok3000
restam: 51200
entrou?
entrou?
entrou?
ACHEI !!!!!!!!!!!!!!!!!!!!!!!!!
searched1661
ENCONTRADO AQUI: 1661
buffer slow044
lidos: 1662
e agora?
okok1338
restam: 49538
entrou?
entrou?
antes1662+1338
depois3001
lidos meio: 3001
deslocate1339
=============== Rotating ================
Rotacionando 1339 bytes ...
Copiado...
rotates: 1
lidos fim: 3001
e agora?
okok1338
restam: 48199
entrou?
ACHEI !!!!!!!!!!!!!!!!!!!!!!!!!
searched548
ENCONTRADO AQUI: 3549
hex44

lidos meio: 3550
lidos fim: 3550
e agora?
okok789
restam: 47650
entrou?
antes3550+789
depois4340
lidos meio: 4340
deslocate790
=============== Rotating ================
Rotacionando 790 bytes ...
Copiado...
rotates: 2
lidos fim: 4340
e agora?
okok789
restam: 46860
entrou?
entrou?
entrou?
entrou?
antes4340+789
depois5130
lidos meio: 5130
deslocate3000
=============== Rotating ================
Rotacionando 3000 bytes ...
Copiado...
rotates: 3
lidos fim: 5130
e agora?
okok2999
restam: 46070
entrou?
entrou?
ACHEI !!!!!!!!!!!!!!!!!!!!!!!!!
searched431
ENCONTRADO AQUI: 5561
hex44

lidos meio: 5562
lidos fim: 5562
e agora?
okok2567
restam: 45638
entrou?
ACHEI !!!!!!!!!!!!!!!!!!!!!!!!!
searched2014
ENCONTRADO AQUI: 7576
hex44

lidos meio: 7577
lidos fim: 7577
e agora?
okok552
restam: 43623
entrou?
entrou?
antes7577+552
depois8130
lidos meio: 8130
deslocate553
=============== Rotating ================
Rotacionando 553 bytes ...
Copiado...
rotates: 4
lidos fim: 8130
e agora?
okok552
restam: 43070
entrou?
entrou?
antes8130+552
depois8683
lidos meio: 8683
deslocate3000
=============== Rotating ================
Rotacionando 3000 bytes ...
Copiado...
rotates: 5
lidos fim: 8683
e agora?
okok2999
restam: 42517
entrou?
entrou?
ACHEI !!!!!!!!!!!!!!!!!!!!!!!!!
searched611
ENCONTRADO AQUI: 9294
hex44

lidos meio: 9295
lidos fim: 9295
e agora?
okok2387
restam: 41905
entrou?
entrou?
entrou?
ACHEI !!!!!!!!!!!!!!!!!!!!!!!!!
searched1643
ENCONTRADO AQUI: 10938
hex44

lidos meio: 10939
lidos fim: 10939
e agora?
okok743
restam: 40261
entrou?
entrou?
antes10939+743
depois11683
lidos meio: 11683
deslocate744
=============== Rotating ================
Rotacionando 744 bytes ...
Copiado...
rotates: 6
lidos fim: 11683
e agora?
okok743
restam: 39517
entrou?
entrou?
antes11683+743
depois12427
lidos meio: 12427
deslocate3000
=============== Rotating ================
Rotacionando 3000 bytes ...
Copiado...
rotates: 7
lidos fim: 12427
e agora?
okok2999
restam: 38773
entrou?
entrou?
entrou?
ACHEI !!!!!!!!!!!!!!!!!!!!!!!!!
searched1018
ENCONTRADO AQUI: 13445
hex44

lidos meio: 13446
lidos fim: 13446
e agora?
okok1980
restam: 37754
entrou?
entrou?
entrou?
entrou?
ACHEI !!!!!!!!!!!!!!!!!!!!!!!!!
searched1493
ENCONTRADO AQUI: 14939
hex44

lidos meio: 14940
lidos fim: 14940
e agora?
okok486
restam: 36260
entrou?
entrou?
antes14940+486
depois15427
lidos meio: 15427
deslocate487
=============== Rotating ================
Rotacionando 487 bytes ...
Copiado...
rotates: 8
lidos fim: 15427
e agora?
okok486
restam: 35773
entrou?
antes15427+486
depois15914
lidos meio: 15914
deslocate3000
=============== Rotating ================
Rotacionando 3000 bytes ...
Copiado...
rotates: 9
lidos fim: 15914
e agora?
okok2999
restam: 35286
entrou?
entrou?
entrou?
ACHEI !!!!!!!!!!!!!!!!!!!!!!!!!
searched1352
ENCONTRADO AQUI: 17266
hex44

lidos meio: 17267
lidos fim: 17267
e agora?
okok1646
restam: 33933
entrou?
entrou?
entrou?
entrou?
antes17267+1646
depois18914
lidos meio: 18914
deslocate1647
=============== Rotating ================
Rotacionando 1647 bytes ...
Copiado...
rotates: 10
lidos fim: 18914
e agora?
okok1646
restam: 32286
entrou?
entrou?
ACHEI !!!!!!!!!!!!!!!!!!!!!!!!!
searched459
ENCONTRADO AQUI: 19373
hex44

lidos meio: 19374
lidos fim: 19374
e agora?
okok1186
restam: 31826
entrou?
entrou?
antes19374+1186
depois20561
lidos meio: 20561
deslocate1187
=============== Rotating ================
Rotacionando 1187 bytes ...
Copiado...
rotates: 11
lidos fim: 20561
e agora?
okok1186
restam: 30639
entrou?
entrou?
entrou?
entrou?
ACHEI !!!!!!!!!!!!!!!!!!!!!!!!!
searched1044
ENCONTRADO AQUI: 21605
hex44

lidos meio: 21606
lidos fim: 21606
e agora?
okok141
restam: 29594
entrou?
antes21606+141
depois21748
lidos meio: 21748
deslocate142
=============== Rotating ================
Rotacionando 142 bytes ...
Copiado...
rotates: 12
lidos fim: 21748
e agora?
okok141
restam: 29452
entrou?
antes21748+141
depois21890
lidos meio: 21890
deslocate3000
=============== Rotating ================
Rotacionando 3000 bytes ...
Copiado...
rotates: 13
lidos fim: 21890
e agora?
okok2999
restam: 29310
entrou?
entrou?
entrou?
ACHEI !!!!!!!!!!!!!!!!!!!!!!!!!
searched1166
ENCONTRADO AQUI: 23056
hex44

lidos meio: 23057
lidos fim: 23057
e agora?
okok1832
restam: 28143
entrou?
entrou?
entrou?
entrou?
entrou?
antes23057+1832
depois24890
lidos meio: 24890
deslocate1833
=============== Rotating ================
Rotacionando 1833 bytes ...
Copiado...
rotates: 14
lidos fim: 24890
e agora?
okok1832
restam: 26310
entrou?
entrou?
entrou?
entrou?
entrou?
ACHEI !!!!!!!!!!!!!!!!!!!!!!!!!
searched498
ENCONTRADO AQUI: 25388
hex44

lidos meio: 25389
lidos fim: 25389
e agora?
okok1333
restam: 25811
entrou?
entrou?
entrou?
entrou?
entrou?
antes25389+1333
depois26723
lidos meio: 26723
deslocate1334
=============== Rotating ================
Rotacionando 1334 bytes ...
Copiado...
rotates: 15
lidos fim: 26723
e agora?
okok1333
restam: 24477
entrou?
entrou?
ACHEI !!!!!!!!!!!!!!!!!!!!!!!!!
searched878
ENCONTRADO AQUI: 27601
hex44

lidos meio: 27602
lidos fim: 27602
e agora?
okok454
restam: 23598
entrou?
antes27602+454
depois28057
lidos meio: 28057
deslocate455
=============== Rotating ================
Rotacionando 455 bytes ...
Copiado...
rotates: 16
lidos fim: 28057
e agora?
okok454
restam: 23143
entrou?
entrou?
entrou?
antes28057+454
depois28512
lidos meio: 28512
deslocate3000
=============== Rotating ================
Rotacionando 3000 bytes ...
Copiado...
rotates: 17
lidos fim: 28512
e agora?
okok2999
restam: 22688
entrou?
entrou?
entrou?
ACHEI !!!!!!!!!!!!!!!!!!!!!!!!!
searched1320
ENCONTRADO AQUI: 29832
hex44

lidos meio: 29833
lidos fim: 29833
e agora?
okok1678
restam: 21367
entrou?
entrou?
entrou?
ACHEI !!!!!!!!!!!!!!!!!!!!!!!!!
searched1453
ENCONTRADO AQUI: 31286
hex44

lidos meio: 31287
lidos fim: 31287
e agora?
okok224
restam: 19913
entrou?
antes31287+224
depois31512
lidos meio: 31512
deslocate225
=============== Rotating ================
Rotacionando 225 bytes ...
Copiado...
rotates: 18
lidos fim: 31512
e agora?
okok224
restam: 19688
entrou?
antes31512+224
depois31737
lidos meio: 31737
deslocate3000
=============== Rotating ================
Rotacionando 3000 bytes ...
Copiado...
rotates: 19
lidos fim: 31737
e agora?
okok2999
restam: 19463
entrou?
entrou?
entrou?
entrou?
entrou?
entrou?
entrou?
ACHEI !!!!!!!!!!!!!!!!!!!!!!!!!
searched2826
ENCONTRADO AQUI: 34563
hex44

lidos meio: 34564
lidos fim: 34564
e agora?
okok172
restam: 16636
entrou?
antes34564+172
depois34737
lidos meio: 34737
deslocate173
=============== Rotating ================
Rotacionando 173 bytes ...
Copiado...
rotates: 20
lidos fim: 34737
e agora?
okok172
restam: 16463
entrou?
antes34737+172
depois34910
lidos meio: 34910
deslocate3000
=============== Rotating ================
Rotacionando 3000 bytes ...
Copiado...
rotates: 21
lidos fim: 34910
e agora?
okok2999
restam: 16290
entrou?
entrou?
ACHEI !!!!!!!!!!!!!!!!!!!!!!!!!
searched923
ENCONTRADO AQUI: 35833
hex44

lidos meio: 35834
lidos fim: 35834
e agora?
okok2075
restam: 15366
entrou?
entrou?
entrou?
entrou?
entrou?
antes35834+2075
depois37910
lidos meio: 37910
deslocate2076
=============== Rotating ================
Rotacionando 2076 bytes ...
Copiado...
rotates: 22
lidos fim: 37910
e agora?
okok2075
restam: 13290
entrou?
entrou?
ACHEI !!!!!!!!!!!!!!!!!!!!!!!!!
searched916
ENCONTRADO AQUI: 38826
hex44

lidos meio: 38827
lidos fim: 38827
e agora?
okok1158
restam: 12373
entrou?
entrou?
entrou?
entrou?
antes38827+1158
depois39986
lidos meio: 39986
deslocate1159
=============== Rotating ================
Rotacionando 1159 bytes ...
Copiado...
rotates: 23
lidos fim: 39986
e agora?
okok1158
restam: 11214
entrou?
ACHEI !!!!!!!!!!!!!!!!!!!!!!!!!
searched202
ENCONTRADO AQUI: 40188
hex44

lidos meio: 40189
lidos fim: 40189
e agora?
okok955
restam: 11011
entrou?
entrou?
entrou?
antes40189+955
depois41145
lidos meio: 41145
deslocate956
=============== Rotating ================
Rotacionando 956 bytes ...
Copiado...
rotates: 24
lidos fim: 41145
e agora?
okok955
restam: 10055
entrou?
entrou?
antes41145+955
depois42101
lidos meio: 42101
deslocate3000
=============== Rotating ================
Rotacionando 3000 bytes ...
Copiado...
rotates: 25
lidos fim: 42101
e agora?
okok2999
restam: 9099
entrou?
entrou?
entrou?
ACHEI !!!!!!!!!!!!!!!!!!!!!!!!!
searched1300
ENCONTRADO AQUI: 43401
hex44

lidos meio: 43402
lidos fim: 43402
e agora?
okok1698
restam: 7798
entrou?
entrou?
entrou?
entrou?
ACHEI !!!!!!!!!!!!!!!!!!!!!!!!!
searched1296
ENCONTRADO AQUI: 44698
hex44

lidos meio: 44699
lidos fim: 44699
e agora?
okok401
restam: 6501
entrou?
antes44699+401
depois45101
lidos meio: 45101
deslocate402
=============== Rotating ================
Rotacionando 402 bytes ...
Copiado...
rotates: 26
lidos fim: 45101
e agora?
okok401
restam: 6099
entrou?
entrou?
antes45101+401
depois45503
lidos meio: 45503
deslocate3000
=============== Rotating ================
Rotacionando 3000 bytes ...
Copiado...
rotates: 27
lidos fim: 45503
e agora?
okok2999
restam: 5697
entrou?
entrou?
entrou?
entrou?
ACHEI !!!!!!!!!!!!!!!!!!!!!!!!!
searched2351
ENCONTRADO AQUI: 47854
hex44

lidos meio: 47855
lidos fim: 47855
e agora?
okok647
restam: 3345
entrou?
entrou?
entrou?
antes47855+647
depois48503
lidos meio: 48503
deslocate648
=============== Rotating ================
Rotacionando 648 bytes ...
Copiado...
rotates: 28
lidos fim: 48503
e agora?
okok647
restam: 2697
entrou?
entrou?
entrou?
antes48503+647
depois49151
lidos meio: 49151
deslocate3000
=============== Rotating ================
Rotacionando 3000 bytes ...
Copiado...
rotates: 29
lidos fim: 49151
e agora?
okok2999
restam: 2049
entrou?
ACHEI !!!!!!!!!!!!!!!!!!!!!!!!!
searched63
ENCONTRADO AQUI: 49214
hex44

lidos meio: 49215
lidos fim: 49215
e agora?
okok2935
restam: 1985
entrou?
entrou?
entrou?
entrou?
entrou?
entrou?
entrou?
entrou?
entrou?
entrou?
entrou?
entrou?
entrou?
antes49215+2935
depois52151
lidos meio: 52151
deslocate2936
=============== Rotating ================
Rotacionando 2936 bytes ...
Copiado...
rotates: 30
lidos fim: 52151
Programa rodado e strings foram encontradas
